[debug] [2022-11-28T17:42:49.277Z] ----------------------------------------------------------------------
[debug] [2022-11-28T17:42:49.279Z] Command:       C:\Program Files\nodejs\node.exe C:\Users\Administrator\AppData\Roaming\npm\node_modules\firebase-tools\lib\bin\firebase.js deploy
[debug] [2022-11-28T17:42:49.280Z] CLI Version:   11.15.0
[debug] [2022-11-28T17:42:49.280Z] Platform:      win32
[debug] [2022-11-28T17:42:49.280Z] Node Version:  v16.15.1
[debug] [2022-11-28T17:42:49.292Z] Time:          Mon Nov 28 2022 23:42:49 GMT+0600 (Bangladesh Standard Time)
[debug] [2022-11-28T17:42:49.293Z] ----------------------------------------------------------------------
[debug] 
[debug] [2022-11-28T17:42:49.381Z] > command requires scopes: ["email","openid","https://www.googleapis.com/auth/cloudplatformprojects.readonly","https://www.googleapis.com/auth/firebase","https://www.googleapis.com/auth/cloud-platform"]
[debug] [2022-11-28T17:42:49.382Z] > authorizing via signed-in user (raianshahrearbd@gmail.com)
[debug] [2022-11-28T17:42:49.382Z] [iam] checking project bookstore-65836 for permissions ["firebase.projects.get","firebasehosting.sites.update"]
[debug] [2022-11-28T17:42:49.385Z] >>> [apiv2][query] POST https://cloudresourcemanager.googleapis.com/v1/projects/bookstore-65836:testIamPermissions [none]
[debug] [2022-11-28T17:42:49.386Z] >>> [apiv2][(partial)header] POST https://cloudresourcemanager.googleapis.com/v1/projects/bookstore-65836:testIamPermissions x-goog-quota-user=projects/bookstore-65836
[debug] [2022-11-28T17:42:49.386Z] >>> [apiv2][body] POST https://cloudresourcemanager.googleapis.com/v1/projects/bookstore-65836:testIamPermissions {"permissions":["firebase.projects.get","firebasehosting.sites.update"]}
[debug] [2022-11-28T17:42:50.784Z] <<< [apiv2][status] POST https://cloudresourcemanager.googleapis.com/v1/projects/bookstore-65836:testIamPermissions 200
[debug] [2022-11-28T17:42:50.785Z] <<< [apiv2][body] POST https://cloudresourcemanager.googleapis.com/v1/projects/bookstore-65836:testIamPermissions {"permissions":["firebase.projects.get","firebasehosting.sites.update"]}
[debug] [2022-11-28T17:42:50.787Z] >>> [apiv2][query] GET https://firebase.googleapis.com/v1beta1/projects/bookstore-65836 [none]
[debug] [2022-11-28T17:42:51.445Z] <<< [apiv2][status] GET https://firebase.googleapis.com/v1beta1/projects/bookstore-65836 200
[debug] [2022-11-28T17:42:51.445Z] <<< [apiv2][body] GET https://firebase.googleapis.com/v1beta1/projects/bookstore-65836 {"projectId":"bookstore-65836","projectNumber":"1014459345857","displayName":"bookstore","name":"projects/bookstore-65836","resources":{"hostingSite":"bookstore-65836"},"state":"ACTIVE","etag":"1_48bd903d-13a6-4ae8-b31c-4f8381595b44"}
[info] 
[info] === Deploying to 'bookstore-65836'...
[info] 
[info] i  deploying hosting 
[debug] [2022-11-28T17:42:51.460Z] >>> [apiv2][query] POST https://firebasehosting.googleapis.com/v1beta1/projects/-/sites/bookstore-65836/versions [none]
[debug] [2022-11-28T17:42:51.460Z] >>> [apiv2][body] POST https://firebasehosting.googleapis.com/v1beta1/projects/-/sites/bookstore-65836/versions {"status":"CREATED","labels":{"deployment-tool":"cli-firebase"}}
[debug] [2022-11-28T17:42:53.995Z] <<< [apiv2][status] POST https://firebasehosting.googleapis.com/v1beta1/projects/-/sites/bookstore-65836/versions 200
[debug] [2022-11-28T17:42:53.996Z] <<< [apiv2][body] POST https://firebasehosting.googleapis.com/v1beta1/projects/-/sites/bookstore-65836/versions {"name":"projects/1014459345857/sites/bookstore-65836/versions/b1800e9e3c099a36","status":"CREATED","config":{},"labels":{"deployment-tool":"cli-firebase"}}
[info] i  hosting[bookstore-65836]: beginning deploy... 
[info] i  hosting[bookstore-65836]: found 22 files in build 
[debug] [2022-11-28T17:42:54.029Z] [hosting] uploading with 200 concurrency
[debug] [2022-11-28T17:42:54.031Z] [hosting] hash cache [YnVpbGQ] not populated
[debug] [2022-11-28T17:42:54.784Z] [hosting] hash cache [YnVpbGQ] stored for 22 files
[debug] [2022-11-28T17:42:54.784Z] [hosting][hash queue][FINAL] {"max":743,"min":24,"avg":65.36363636363636,"active":0,"complete":22,"success":22,"errored":0,"retried":0,"total":22,"elapsed":751}
[debug] [2022-11-28T17:42:54.785Z] >>> [apiv2][query] POST https://firebasehosting.googleapis.com/v1beta1/projects/1014459345857/sites/bookstore-65836/versions/b1800e9e3c099a36:populateFiles [none]
[debug] [2022-11-28T17:42:54.785Z] >>> [apiv2][body] POST https://firebasehosting.googleapis.com/v1beta1/projects/1014459345857/sites/bookstore-65836/versions/b1800e9e3c099a36:populateFiles {"files":{"/asset-manifest.json":"c6552c3a976ff46ef090837cde5d9809e4bb73539c37ac55be64c8359848950d","/manifest.json":"aff3449bdc238776f5d6d967f19ec491b36aed5fb7f23ccff6500736fd58494a","/index.html":"6861976502d30b61a8a53bab43f6ecfeedec306f2b91f4fc951191fef22591f5","/robots.txt":"bfe106a3fb878dc83461c86818bf74fc1bdc7f28538ba613cd3e775516ce8b49","/static/js/787.961ccaee.chunk.js":"d481ed7cb0ae830b5e9289f0c92f05b5aa278e42a7030ec1faf232852dcf4307","/static/js/787.961ccaee.chunk.js.map":"957f6721a0cc3b593b43a4baa0ca264d2f14e84cd398c1f66d3003213f854696","/static/js/main.59506b6e.js.LICENSE.txt":"bbf02ddda4b02f16f92b53119263059d1f4e01d8d1a687c8913408fb07f3f1ba","/static/css/main.649d03ea.css.map":"442c8fba6e43160ed746ab1a22926ec9f3955c11b760f90351d41db55d33410f","/static/media/stripe_payments.9be81696f63debb2c58aa21783a2548c.svg":"093aae794eb790249ed3c22856762d05944c422fbd1678d205a154b043208cf2","/static/css/main.649d03ea.css":"0a96980e5c2b84b2ace26fa820c247e2f9438104e1c3e4b4e7394bd874d722f2","/static/media/logo-dark.741d41bb333a2d5ee4fc.png":"436ceb18f7318d5decd9318ae3e919570dbb5907e02af23bcf9fdb9490cbfd78","/static/media/logo-light.30c330b02922463c5288.png":"59a7e1258ff8e4d6aec5ecf07ffaa08ed9af3d1b68574debcb70f76d100a11da","/favicon.png":"9cc91d510b358c3dca344e3a27586fb994b368d5149440c6600a6d2d0f2ca925","/static/media/QueAns1.3c1381612648968e5f0a.png":"663120c5e64bc32513f2556d2a18d028a5788c8c4e5d6c5fe3bff9c3759adcc8","/static/media/QueAns4.1853d60c9542c8c79c67.png":"31ed42c21a6e60b1ee37d4104bdf5618d9f0dd3a7496eaea3bf075debedc4420","/static/media/QueAns2.21c9c9f626ec4679670c.png":"0b730d56727c547949e6d68912d84a11808f87782e22bccc0627c19a0381a633","/static/media/reviewer-3-tom.4ff7f29c002e533ff1d3.webp":"4bcca574e4332f85aeb42637f6039c6638334e5ea03b6cb0bd98fe1f70d057a8","/static/media/reviewer-1-tom.4d682800332a56eb1fba.webp":"00d234907622e41a47de9c9d21510f62353ef23b90b2503f6fdc708ecbc6a3f9","/static/media/QueAns3.9b96686c9917fcb570af.png":"9b9a75fc4ca4b765936ccca6a4aaac69acdc6c7e238991eb963f365428983c66","/static/media/reviewer-2-johnny.d0598032282a8e42254c.webp":"0d31ba32f10cd8401df85fe4e5a824260ae782bc65be037a7c5bb51f5dc7232b","/static/js/main.59506b6e.js":"4f09b1cf70064dbbda57e1f429811efe11fefb7275971d7962f92386cdcbb0fc","/static/js/main.59506b6e.js.map":"73fac6d88479e916992e661120d1087b7e343e0ceb1266e624a4ca35a3c7780d"}}
[debug] [2022-11-28T17:42:55.689Z] <<< [apiv2][status] POST https://firebasehosting.googleapis.com/v1beta1/projects/1014459345857/sites/bookstore-65836/versions/b1800e9e3c099a36:populateFiles 200
[debug] [2022-11-28T17:42:55.689Z] <<< [apiv2][body] POST https://firebasehosting.googleapis.com/v1beta1/projects/1014459345857/sites/bookstore-65836/versions/b1800e9e3c099a36:populateFiles {"uploadRequiredHashes":["bfe106a3fb878dc83461c86818bf74fc1bdc7f28538ba613cd3e775516ce8b49","0b730d56727c547949e6d68912d84a11808f87782e22bccc0627c19a0381a633","663120c5e64bc32513f2556d2a18d028a5788c8c4e5d6c5fe3bff9c3759adcc8","442c8fba6e43160ed746ab1a22926ec9f3955c11b760f90351d41db55d33410f","31ed42c21a6e60b1ee37d4104bdf5618d9f0dd3a7496eaea3bf075debedc4420","4f09b1cf70064dbbda57e1f429811efe11fefb7275971d7962f92386cdcbb0fc","957f6721a0cc3b593b43a4baa0ca264d2f14e84cd398c1f66d3003213f854696","bbf02ddda4b02f16f92b53119263059d1f4e01d8d1a687c8913408fb07f3f1ba","0d31ba32f10cd8401df85fe4e5a824260ae782bc65be037a7c5bb51f5dc7232b","4bcca574e4332f85aeb42637f6039c6638334e5ea03b6cb0bd98fe1f70d057a8","59a7e1258ff8e4d6aec5ecf07ffaa08ed9af3d1b68574debcb70f76d100a11da","aff3449bdc238776f5d6d967f19ec491b36aed5fb7f23ccff6500736fd58494a","436ceb18f7318d5decd9318ae3e919570dbb5907e02af23bcf9fdb9490cbfd78","9cc91d510b358c3dca344e3a27586fb994b368d5149440c6600a6d2d0f2ca925","00d234907622e41a47de9c9d21510f62353ef23b90b2503f6fdc708ecbc6a3f9","0a96980e5c2b84b2ace26fa820c247e2f9438104e1c3e4b4e7394bd874d722f2","d481ed7cb0ae830b5e9289f0c92f05b5aa278e42a7030ec1faf232852dcf4307","73fac6d88479e916992e661120d1087b7e343e0ceb1266e624a4ca35a3c7780d","9b9a75fc4ca4b765936ccca6a4aaac69acdc6c7e238991eb963f365428983c66","c6552c3a976ff46ef090837cde5d9809e4bb73539c37ac55be64c8359848950d","6861976502d30b61a8a53bab43f6ecfeedec306f2b91f4fc951191fef22591f5","093aae794eb790249ed3c22856762d05944c422fbd1678d205a154b043208cf2"],"uploadUrl":"https://upload-firebasehosting.googleapis.com/upload/sites/bookstore-65836/versions/b1800e9e3c099a36/files"}
[debug] [2022-11-28T17:42:55.696Z] >>> [apiv2][query] POST https://upload-firebasehosting.googleapis.com/upload/sites/bookstore-65836/versions/b1800e9e3c099a36/files/bfe106a3fb878dc83461c86818bf74fc1bdc7f28538ba613cd3e775516ce8b49 [none]
[debug] [2022-11-28T17:42:55.696Z] >>> [apiv2][body] POST https://upload-firebasehosting.googleapis.com/upload/sites/bookstore-65836/versions/b1800e9e3c099a36/files/bfe106a3fb878dc83461c86818bf74fc1bdc7f28538ba613cd3e775516ce8b49 [stream]
[debug] [2022-11-28T17:42:55.698Z] >>> [apiv2][query] POST https://upload-firebasehosting.googleapis.com/upload/sites/bookstore-65836/versions/b1800e9e3c099a36/files/0b730d56727c547949e6d68912d84a11808f87782e22bccc0627c19a0381a633 [none]
[debug] [2022-11-28T17:42:55.698Z] >>> [apiv2][body] POST https://upload-firebasehosting.googleapis.com/upload/sites/bookstore-65836/versions/b1800e9e3c099a36/files/0b730d56727c547949e6d68912d84a11808f87782e22bccc0627c19a0381a633 [stream]
[debug] [2022-11-28T17:42:55.699Z] >>> [apiv2][query] POST https://upload-firebasehosting.googleapis.com/upload/sites/bookstore-65836/versions/b1800e9e3c099a36/files/663120c5e64bc32513f2556d2a18d028a5788c8c4e5d6c5fe3bff9c3759adcc8 [none]
[debug] [2022-11-28T17:42:55.699Z] >>> [apiv2][body] POST https://upload-firebasehosting.googleapis.com/upload/sites/bookstore-65836/versions/b1800e9e3c099a36/files/663120c5e64bc32513f2556d2a18d028a5788c8c4e5d6c5fe3bff9c3759adcc8 [stream]
[debug] [2022-11-28T17:42:55.700Z] >>> [apiv2][query] POST https://upload-firebasehosting.googleapis.com/upload/sites/bookstore-65836/versions/b1800e9e3c099a36/files/442c8fba6e43160ed746ab1a22926ec9f3955c11b760f90351d41db55d33410f [none]
[debug] [2022-11-28T17:42:55.700Z] >>> [apiv2][body] POST https://upload-firebasehosting.googleapis.com/upload/sites/bookstore-65836/versions/b1800e9e3c099a36/files/442c8fba6e43160ed746ab1a22926ec9f3955c11b760f90351d41db55d33410f [stream]
[debug] [2022-11-28T17:42:55.702Z] >>> [apiv2][query] POST https://upload-firebasehosting.googleapis.com/upload/sites/bookstore-65836/versions/b1800e9e3c099a36/files/31ed42c21a6e60b1ee37d4104bdf5618d9f0dd3a7496eaea3bf075debedc4420 [none]
[debug] [2022-11-28T17:42:55.702Z] >>> [apiv2][body] POST https://upload-firebasehosting.googleapis.com/upload/sites/bookstore-65836/versions/b1800e9e3c099a36/files/31ed42c21a6e60b1ee37d4104bdf5618d9f0dd3a7496eaea3bf075debedc4420 [stream]
[debug] [2022-11-28T17:42:55.704Z] >>> [apiv2][query] POST https://upload-firebasehosting.googleapis.com/upload/sites/bookstore-65836/versions/b1800e9e3c099a36/files/4f09b1cf70064dbbda57e1f429811efe11fefb7275971d7962f92386cdcbb0fc [none]
[debug] [2022-11-28T17:42:55.704Z] >>> [apiv2][body] POST https://upload-firebasehosting.googleapis.com/upload/sites/bookstore-65836/versions/b1800e9e3c099a36/files/4f09b1cf70064dbbda57e1f429811efe11fefb7275971d7962f92386cdcbb0fc [stream]
[debug] [2022-11-28T17:42:55.706Z] >>> [apiv2][query] POST https://upload-firebasehosting.googleapis.com/upload/sites/bookstore-65836/versions/b1800e9e3c099a36/files/957f6721a0cc3b593b43a4baa0ca264d2f14e84cd398c1f66d3003213f854696 [none]
[debug] [2022-11-28T17:42:55.706Z] >>> [apiv2][body] POST https://upload-firebasehosting.googleapis.com/upload/sites/bookstore-65836/versions/b1800e9e3c099a36/files/957f6721a0cc3b593b43a4baa0ca264d2f14e84cd398c1f66d3003213f854696 [stream]
[debug] [2022-11-28T17:42:55.708Z] >>> [apiv2][query] POST https://upload-firebasehosting.googleapis.com/upload/sites/bookstore-65836/versions/b1800e9e3c099a36/files/bbf02ddda4b02f16f92b53119263059d1f4e01d8d1a687c8913408fb07f3f1ba [none]
[debug] [2022-11-28T17:42:55.708Z] >>> [apiv2][body] POST https://upload-firebasehosting.googleapis.com/upload/sites/bookstore-65836/versions/b1800e9e3c099a36/files/bbf02ddda4b02f16f92b53119263059d1f4e01d8d1a687c8913408fb07f3f1ba [stream]
[debug] [2022-11-28T17:42:55.710Z] >>> [apiv2][query] POST https://upload-firebasehosting.googleapis.com/upload/sites/bookstore-65836/versions/b1800e9e3c099a36/files/0d31ba32f10cd8401df85fe4e5a824260ae782bc65be037a7c5bb51f5dc7232b [none]
[debug] [2022-11-28T17:42:55.710Z] >>> [apiv2][body] POST https://upload-firebasehosting.googleapis.com/upload/sites/bookstore-65836/versions/b1800e9e3c099a36/files/0d31ba32f10cd8401df85fe4e5a824260ae782bc65be037a7c5bb51f5dc7232b [stream]
[debug] [2022-11-28T17:42:55.711Z] >>> [apiv2][query] POST https://upload-firebasehosting.googleapis.com/upload/sites/bookstore-65836/versions/b1800e9e3c099a36/files/4bcca574e4332f85aeb42637f6039c6638334e5ea03b6cb0bd98fe1f70d057a8 [none]
[debug] [2022-11-28T17:42:55.711Z] >>> [apiv2][body] POST https://upload-firebasehosting.googleapis.com/upload/sites/bookstore-65836/versions/b1800e9e3c099a36/files/4bcca574e4332f85aeb42637f6039c6638334e5ea03b6cb0bd98fe1f70d057a8 [stream]
[debug] [2022-11-28T17:42:55.713Z] >>> [apiv2][query] POST https://upload-firebasehosting.googleapis.com/upload/sites/bookstore-65836/versions/b1800e9e3c099a36/files/59a7e1258ff8e4d6aec5ecf07ffaa08ed9af3d1b68574debcb70f76d100a11da [none]
[debug] [2022-11-28T17:42:55.713Z] >>> [apiv2][body] POST https://upload-firebasehosting.googleapis.com/upload/sites/bookstore-65836/versions/b1800e9e3c099a36/files/59a7e1258ff8e4d6aec5ecf07ffaa08ed9af3d1b68574debcb70f76d100a11da [stream]
[debug] [2022-11-28T17:42:55.715Z] >>> [apiv2][query] POST https://upload-firebasehosting.googleapis.com/upload/sites/bookstore-65836/versions/b1800e9e3c099a36/files/aff3449bdc238776f5d6d967f19ec491b36aed5fb7f23ccff6500736fd58494a [none]
[debug] [2022-11-28T17:42:55.715Z] >>> [apiv2][body] POST https://upload-firebasehosting.googleapis.com/upload/sites/bookstore-65836/versions/b1800e9e3c099a36/files/aff3449bdc238776f5d6d967f19ec491b36aed5fb7f23ccff6500736fd58494a [stream]
[debug] [2022-11-28T17:42:55.716Z] >>> [apiv2][query] POST https://upload-firebasehosting.googleapis.com/upload/sites/bookstore-65836/versions/b1800e9e3c099a36/files/436ceb18f7318d5decd9318ae3e919570dbb5907e02af23bcf9fdb9490cbfd78 [none]
[debug] [2022-11-28T17:42:55.716Z] >>> [apiv2][body] POST https://upload-firebasehosting.googleapis.com/upload/sites/bookstore-65836/versions/b1800e9e3c099a36/files/436ceb18f7318d5decd9318ae3e919570dbb5907e02af23bcf9fdb9490cbfd78 [stream]
[debug] [2022-11-28T17:42:55.717Z] >>> [apiv2][query] POST https://upload-firebasehosting.googleapis.com/upload/sites/bookstore-65836/versions/b1800e9e3c099a36/files/9cc91d510b358c3dca344e3a27586fb994b368d5149440c6600a6d2d0f2ca925 [none]
[debug] [2022-11-28T17:42:55.717Z] >>> [apiv2][body] POST https://upload-firebasehosting.googleapis.com/upload/sites/bookstore-65836/versions/b1800e9e3c099a36/files/9cc91d510b358c3dca344e3a27586fb994b368d5149440c6600a6d2d0f2ca925 [stream]
[debug] [2022-11-28T17:42:55.719Z] >>> [apiv2][query] POST https://upload-firebasehosting.googleapis.com/upload/sites/bookstore-65836/versions/b1800e9e3c099a36/files/00d234907622e41a47de9c9d21510f62353ef23b90b2503f6fdc708ecbc6a3f9 [none]
[debug] [2022-11-28T17:42:55.719Z] >>> [apiv2][body] POST https://upload-firebasehosting.googleapis.com/upload/sites/bookstore-65836/versions/b1800e9e3c099a36/files/00d234907622e41a47de9c9d21510f62353ef23b90b2503f6fdc708ecbc6a3f9 [stream]
[debug] [2022-11-28T17:42:55.725Z] >>> [apiv2][query] POST https://upload-firebasehosting.googleapis.com/upload/sites/bookstore-65836/versions/b1800e9e3c099a36/files/0a96980e5c2b84b2ace26fa820c247e2f9438104e1c3e4b4e7394bd874d722f2 [none]
[debug] [2022-11-28T17:42:55.725Z] >>> [apiv2][body] POST https://upload-firebasehosting.googleapis.com/upload/sites/bookstore-65836/versions/b1800e9e3c099a36/files/0a96980e5c2b84b2ace26fa820c247e2f9438104e1c3e4b4e7394bd874d722f2 [stream]
[debug] [2022-11-28T17:42:55.726Z] >>> [apiv2][query] POST https://upload-firebasehosting.googleapis.com/upload/sites/bookstore-65836/versions/b1800e9e3c099a36/files/d481ed7cb0ae830b5e9289f0c92f05b5aa278e42a7030ec1faf232852dcf4307 [none]
[debug] [2022-11-28T17:42:55.726Z] >>> [apiv2][body] POST https://upload-firebasehosting.googleapis.com/upload/sites/bookstore-65836/versions/b1800e9e3c099a36/files/d481ed7cb0ae830b5e9289f0c92f05b5aa278e42a7030ec1faf232852dcf4307 [stream]
[debug] [2022-11-28T17:42:55.728Z] >>> [apiv2][query] POST https://upload-firebasehosting.googleapis.com/upload/sites/bookstore-65836/versions/b1800e9e3c099a36/files/73fac6d88479e916992e661120d1087b7e343e0ceb1266e624a4ca35a3c7780d [none]
[debug] [2022-11-28T17:42:55.728Z] >>> [apiv2][body] POST https://upload-firebasehosting.googleapis.com/upload/sites/bookstore-65836/versions/b1800e9e3c099a36/files/73fac6d88479e916992e661120d1087b7e343e0ceb1266e624a4ca35a3c7780d [stream]
[debug] [2022-11-28T17:42:55.729Z] >>> [apiv2][query] POST https://upload-firebasehosting.googleapis.com/upload/sites/bookstore-65836/versions/b1800e9e3c099a36/files/9b9a75fc4ca4b765936ccca6a4aaac69acdc6c7e238991eb963f365428983c66 [none]
[debug] [2022-11-28T17:42:55.729Z] >>> [apiv2][body] POST https://upload-firebasehosting.googleapis.com/upload/sites/bookstore-65836/versions/b1800e9e3c099a36/files/9b9a75fc4ca4b765936ccca6a4aaac69acdc6c7e238991eb963f365428983c66 [stream]
[debug] [2022-11-28T17:42:55.730Z] >>> [apiv2][query] POST https://upload-firebasehosting.googleapis.com/upload/sites/bookstore-65836/versions/b1800e9e3c099a36/files/c6552c3a976ff46ef090837cde5d9809e4bb73539c37ac55be64c8359848950d [none]
[debug] [2022-11-28T17:42:55.731Z] >>> [apiv2][body] POST https://upload-firebasehosting.googleapis.com/upload/sites/bookstore-65836/versions/b1800e9e3c099a36/files/c6552c3a976ff46ef090837cde5d9809e4bb73539c37ac55be64c8359848950d [stream]
[debug] [2022-11-28T17:42:55.732Z] >>> [apiv2][query] POST https://upload-firebasehosting.googleapis.com/upload/sites/bookstore-65836/versions/b1800e9e3c099a36/files/6861976502d30b61a8a53bab43f6ecfeedec306f2b91f4fc951191fef22591f5 [none]
[debug] [2022-11-28T17:42:55.732Z] >>> [apiv2][body] POST https://upload-firebasehosting.googleapis.com/upload/sites/bookstore-65836/versions/b1800e9e3c099a36/files/6861976502d30b61a8a53bab43f6ecfeedec306f2b91f4fc951191fef22591f5 [stream]
[debug] [2022-11-28T17:42:55.733Z] >>> [apiv2][query] POST https://upload-firebasehosting.googleapis.com/upload/sites/bookstore-65836/versions/b1800e9e3c099a36/files/093aae794eb790249ed3c22856762d05944c422fbd1678d205a154b043208cf2 [none]
[debug] [2022-11-28T17:42:55.733Z] >>> [apiv2][body] POST https://upload-firebasehosting.googleapis.com/upload/sites/bookstore-65836/versions/b1800e9e3c099a36/files/093aae794eb790249ed3c22856762d05944c422fbd1678d205a154b043208cf2 [stream]
[debug] [2022-11-28T17:42:55.734Z] [hosting][populate queue][FINAL] {"max":913,"min":913,"avg":913,"active":0,"complete":1,"success":1,"errored":0,"retried":0,"total":1,"elapsed":952}
[debug] [2022-11-28T17:42:55.734Z] [hosting] uploads queued: 22
[debug] [2022-11-28T17:42:58.002Z] <<< [apiv2][status] POST https://upload-firebasehosting.googleapis.com/upload/sites/bookstore-65836/versions/b1800e9e3c099a36/files/442c8fba6e43160ed746ab1a22926ec9f3955c11b760f90351d41db55d33410f 200
[debug] [2022-11-28T17:42:58.002Z] <<< [apiv2][body] POST https://upload-firebasehosting.googleapis.com/upload/sites/bookstore-65836/versions/b1800e9e3c099a36/files/442c8fba6e43160ed746ab1a22926ec9f3955c11b760f90351d41db55d33410f [stream]
[debug] [2022-11-28T17:42:58.025Z] <<< [apiv2][status] POST https://upload-firebasehosting.googleapis.com/upload/sites/bookstore-65836/versions/b1800e9e3c099a36/files/093aae794eb790249ed3c22856762d05944c422fbd1678d205a154b043208cf2 200
[debug] [2022-11-28T17:42:58.026Z] <<< [apiv2][body] POST https://upload-firebasehosting.googleapis.com/upload/sites/bookstore-65836/versions/b1800e9e3c099a36/files/093aae794eb790249ed3c22856762d05944c422fbd1678d205a154b043208cf2 [stream]
[debug] [2022-11-28T17:42:58.052Z] <<< [apiv2][status] POST https://upload-firebasehosting.googleapis.com/upload/sites/bookstore-65836/versions/b1800e9e3c099a36/files/9cc91d510b358c3dca344e3a27586fb994b368d5149440c6600a6d2d0f2ca925 200
[debug] [2022-11-28T17:42:58.052Z] <<< [apiv2][body] POST https://upload-firebasehosting.googleapis.com/upload/sites/bookstore-65836/versions/b1800e9e3c099a36/files/9cc91d510b358c3dca344e3a27586fb994b368d5149440c6600a6d2d0f2ca925 [stream]
[debug] [2022-11-28T17:42:58.094Z] <<< [apiv2][status] POST https://upload-firebasehosting.googleapis.com/upload/sites/bookstore-65836/versions/b1800e9e3c099a36/files/436ceb18f7318d5decd9318ae3e919570dbb5907e02af23bcf9fdb9490cbfd78 200
[debug] [2022-11-28T17:42:58.094Z] <<< [apiv2][body] POST https://upload-firebasehosting.googleapis.com/upload/sites/bookstore-65836/versions/b1800e9e3c099a36/files/436ceb18f7318d5decd9318ae3e919570dbb5907e02af23bcf9fdb9490cbfd78 [stream]
[debug] [2022-11-28T17:42:58.119Z] <<< [apiv2][status] POST https://upload-firebasehosting.googleapis.com/upload/sites/bookstore-65836/versions/b1800e9e3c099a36/files/aff3449bdc238776f5d6d967f19ec491b36aed5fb7f23ccff6500736fd58494a 200
[debug] [2022-11-28T17:42:58.119Z] <<< [apiv2][body] POST https://upload-firebasehosting.googleapis.com/upload/sites/bookstore-65836/versions/b1800e9e3c099a36/files/aff3449bdc238776f5d6d967f19ec491b36aed5fb7f23ccff6500736fd58494a [stream]
[debug] [2022-11-28T17:42:58.295Z] <<< [apiv2][status] POST https://upload-firebasehosting.googleapis.com/upload/sites/bookstore-65836/versions/b1800e9e3c099a36/files/c6552c3a976ff46ef090837cde5d9809e4bb73539c37ac55be64c8359848950d 200
[debug] [2022-11-28T17:42:58.295Z] <<< [apiv2][body] POST https://upload-firebasehosting.googleapis.com/upload/sites/bookstore-65836/versions/b1800e9e3c099a36/files/c6552c3a976ff46ef090837cde5d9809e4bb73539c37ac55be64c8359848950d [stream]
[debug] [2022-11-28T17:42:58.531Z] <<< [apiv2][status] POST https://upload-firebasehosting.googleapis.com/upload/sites/bookstore-65836/versions/b1800e9e3c099a36/files/0a96980e5c2b84b2ace26fa820c247e2f9438104e1c3e4b4e7394bd874d722f2 200
[debug] [2022-11-28T17:42:58.532Z] <<< [apiv2][body] POST https://upload-firebasehosting.googleapis.com/upload/sites/bookstore-65836/versions/b1800e9e3c099a36/files/0a96980e5c2b84b2ace26fa820c247e2f9438104e1c3e4b4e7394bd874d722f2 [stream]
[debug] [2022-11-28T17:42:58.641Z] <<< [apiv2][status] POST https://upload-firebasehosting.googleapis.com/upload/sites/bookstore-65836/versions/b1800e9e3c099a36/files/31ed42c21a6e60b1ee37d4104bdf5618d9f0dd3a7496eaea3bf075debedc4420 200
[debug] [2022-11-28T17:42:58.641Z] <<< [apiv2][body] POST https://upload-firebasehosting.googleapis.com/upload/sites/bookstore-65836/versions/b1800e9e3c099a36/files/31ed42c21a6e60b1ee37d4104bdf5618d9f0dd3a7496eaea3bf075debedc4420 [stream]
[debug] [2022-11-28T17:42:58.707Z] <<< [apiv2][status] POST https://upload-firebasehosting.googleapis.com/upload/sites/bookstore-65836/versions/b1800e9e3c099a36/files/d481ed7cb0ae830b5e9289f0c92f05b5aa278e42a7030ec1faf232852dcf4307 200
[debug] [2022-11-28T17:42:58.707Z] <<< [apiv2][body] POST https://upload-firebasehosting.googleapis.com/upload/sites/bookstore-65836/versions/b1800e9e3c099a36/files/d481ed7cb0ae830b5e9289f0c92f05b5aa278e42a7030ec1faf232852dcf4307 [stream]
[debug] [2022-11-28T17:42:58.860Z] <<< [apiv2][status] POST https://upload-firebasehosting.googleapis.com/upload/sites/bookstore-65836/versions/b1800e9e3c099a36/files/6861976502d30b61a8a53bab43f6ecfeedec306f2b91f4fc951191fef22591f5 200
[debug] [2022-11-28T17:42:58.860Z] <<< [apiv2][body] POST https://upload-firebasehosting.googleapis.com/upload/sites/bookstore-65836/versions/b1800e9e3c099a36/files/6861976502d30b61a8a53bab43f6ecfeedec306f2b91f4fc951191fef22591f5 [stream]
[debug] [2022-11-28T17:42:58.896Z] <<< [apiv2][status] POST https://upload-firebasehosting.googleapis.com/upload/sites/bookstore-65836/versions/b1800e9e3c099a36/files/9b9a75fc4ca4b765936ccca6a4aaac69acdc6c7e238991eb963f365428983c66 200
[debug] [2022-11-28T17:42:58.896Z] <<< [apiv2][body] POST https://upload-firebasehosting.googleapis.com/upload/sites/bookstore-65836/versions/b1800e9e3c099a36/files/9b9a75fc4ca4b765936ccca6a4aaac69acdc6c7e238991eb963f365428983c66 [stream]
[debug] [2022-11-28T17:42:58.937Z] <<< [apiv2][status] POST https://upload-firebasehosting.googleapis.com/upload/sites/bookstore-65836/versions/b1800e9e3c099a36/files/957f6721a0cc3b593b43a4baa0ca264d2f14e84cd398c1f66d3003213f854696 200
[debug] [2022-11-28T17:42:58.937Z] <<< [apiv2][body] POST https://upload-firebasehosting.googleapis.com/upload/sites/bookstore-65836/versions/b1800e9e3c099a36/files/957f6721a0cc3b593b43a4baa0ca264d2f14e84cd398c1f66d3003213f854696 [stream]
[debug] [2022-11-28T17:42:59.096Z] <<< [apiv2][status] POST https://upload-firebasehosting.googleapis.com/upload/sites/bookstore-65836/versions/b1800e9e3c099a36/files/59a7e1258ff8e4d6aec5ecf07ffaa08ed9af3d1b68574debcb70f76d100a11da 200
[debug] [2022-11-28T17:42:59.096Z] <<< [apiv2][body] POST https://upload-firebasehosting.googleapis.com/upload/sites/bookstore-65836/versions/b1800e9e3c099a36/files/59a7e1258ff8e4d6aec5ecf07ffaa08ed9af3d1b68574debcb70f76d100a11da [stream]
[debug] [2022-11-28T17:42:59.167Z] <<< [apiv2][status] POST https://upload-firebasehosting.googleapis.com/upload/sites/bookstore-65836/versions/b1800e9e3c099a36/files/bbf02ddda4b02f16f92b53119263059d1f4e01d8d1a687c8913408fb07f3f1ba 200
[debug] [2022-11-28T17:42:59.167Z] <<< [apiv2][body] POST https://upload-firebasehosting.googleapis.com/upload/sites/bookstore-65836/versions/b1800e9e3c099a36/files/bbf02ddda4b02f16f92b53119263059d1f4e01d8d1a687c8913408fb07f3f1ba [stream]
[debug] [2022-11-28T17:42:59.298Z] <<< [apiv2][status] POST https://upload-firebasehosting.googleapis.com/upload/sites/bookstore-65836/versions/b1800e9e3c099a36/files/0b730d56727c547949e6d68912d84a11808f87782e22bccc0627c19a0381a633 200
[debug] [2022-11-28T17:42:59.298Z] <<< [apiv2][body] POST https://upload-firebasehosting.googleapis.com/upload/sites/bookstore-65836/versions/b1800e9e3c099a36/files/0b730d56727c547949e6d68912d84a11808f87782e22bccc0627c19a0381a633 [stream]
[debug] [2022-11-28T17:42:59.340Z] <<< [apiv2][status] POST https://upload-firebasehosting.googleapis.com/upload/sites/bookstore-65836/versions/b1800e9e3c099a36/files/0d31ba32f10cd8401df85fe4e5a824260ae782bc65be037a7c5bb51f5dc7232b 200
[debug] [2022-11-28T17:42:59.340Z] <<< [apiv2][body] POST https://upload-firebasehosting.googleapis.com/upload/sites/bookstore-65836/versions/b1800e9e3c099a36/files/0d31ba32f10cd8401df85fe4e5a824260ae782bc65be037a7c5bb51f5dc7232b [stream]
[debug] [2022-11-28T17:42:59.362Z] <<< [apiv2][status] POST https://upload-firebasehosting.googleapis.com/upload/sites/bookstore-65836/versions/b1800e9e3c099a36/files/663120c5e64bc32513f2556d2a18d028a5788c8c4e5d6c5fe3bff9c3759adcc8 200
[debug] [2022-11-28T17:42:59.362Z] <<< [apiv2][body] POST https://upload-firebasehosting.googleapis.com/upload/sites/bookstore-65836/versions/b1800e9e3c099a36/files/663120c5e64bc32513f2556d2a18d028a5788c8c4e5d6c5fe3bff9c3759adcc8 [stream]
[debug] [2022-11-28T17:42:59.866Z] <<< [apiv2][status] POST https://upload-firebasehosting.googleapis.com/upload/sites/bookstore-65836/versions/b1800e9e3c099a36/files/00d234907622e41a47de9c9d21510f62353ef23b90b2503f6fdc708ecbc6a3f9 200
[debug] [2022-11-28T17:42:59.866Z] <<< [apiv2][body] POST https://upload-firebasehosting.googleapis.com/upload/sites/bookstore-65836/versions/b1800e9e3c099a36/files/00d234907622e41a47de9c9d21510f62353ef23b90b2503f6fdc708ecbc6a3f9 [stream]
[debug] [2022-11-28T17:42:59.941Z] <<< [apiv2][status] POST https://upload-firebasehosting.googleapis.com/upload/sites/bookstore-65836/versions/b1800e9e3c099a36/files/4bcca574e4332f85aeb42637f6039c6638334e5ea03b6cb0bd98fe1f70d057a8 200
[debug] [2022-11-28T17:42:59.941Z] <<< [apiv2][body] POST https://upload-firebasehosting.googleapis.com/upload/sites/bookstore-65836/versions/b1800e9e3c099a36/files/4bcca574e4332f85aeb42637f6039c6638334e5ea03b6cb0bd98fe1f70d057a8 [stream]
[debug] [2022-11-28T17:43:00.132Z] <<< [apiv2][status] POST https://upload-firebasehosting.googleapis.com/upload/sites/bookstore-65836/versions/b1800e9e3c099a36/files/4f09b1cf70064dbbda57e1f429811efe11fefb7275971d7962f92386cdcbb0fc 200
[debug] [2022-11-28T17:43:00.132Z] <<< [apiv2][body] POST https://upload-firebasehosting.googleapis.com/upload/sites/bookstore-65836/versions/b1800e9e3c099a36/files/4f09b1cf70064dbbda57e1f429811efe11fefb7275971d7962f92386cdcbb0fc [stream]
[debug] [2022-11-28T17:43:00.142Z] <<< [apiv2][status] POST https://upload-firebasehosting.googleapis.com/upload/sites/bookstore-65836/versions/b1800e9e3c099a36/files/bfe106a3fb878dc83461c86818bf74fc1bdc7f28538ba613cd3e775516ce8b49 200
[debug] [2022-11-28T17:43:00.142Z] <<< [apiv2][body] POST https://upload-firebasehosting.googleapis.com/upload/sites/bookstore-65836/versions/b1800e9e3c099a36/files/bfe106a3fb878dc83461c86818bf74fc1bdc7f28538ba613cd3e775516ce8b49 [stream]
[debug] [2022-11-28T17:43:02.096Z] <<< [apiv2][status] POST https://upload-firebasehosting.googleapis.com/upload/sites/bookstore-65836/versions/b1800e9e3c099a36/files/73fac6d88479e916992e661120d1087b7e343e0ceb1266e624a4ca35a3c7780d 200
[debug] [2022-11-28T17:43:02.097Z] <<< [apiv2][body] POST https://upload-firebasehosting.googleapis.com/upload/sites/bookstore-65836/versions/b1800e9e3c099a36/files/73fac6d88479e916992e661120d1087b7e343e0ceb1266e624a4ca35a3c7780d [stream]
[debug] [2022-11-28T17:43:02.097Z] [hosting][upload queue][FINAL] {"max":6403,"min":2311,"avg":3380.1363636363635,"active":0,"complete":22,"success":22,"errored":0,"retried":0,"total":22,"elapsed":6407}
[info] +  hosting[bookstore-65836]: file upload complete 
[debug] [2022-11-28T17:43:02.098Z] [hosting] deploy completed after 8096ms
[debug] [2022-11-28T17:43:02.101Z] [
  {
    "config": {
      "public": "build",
      "ignore": [
        "firebase.json",
        "**/.*",
        "**/node_modules/**"
      ],
      "rewrites": [
        {
          "source": "**",
          "destination": "/index.html"
        }
      ],
      "site": "bookstore-65836"
    },
    "version": "projects/1014459345857/sites/bookstore-65836/versions/b1800e9e3c099a36"
  }
]
[info] i  hosting[bookstore-65836]: finalizing version... 
[debug] [2022-11-28T17:43:02.103Z] >>> [apiv2][query] PATCH https://firebasehosting.googleapis.com/v1beta1/projects/-/sites/bookstore-65836/versions/b1800e9e3c099a36 updateMask=status%2Cconfig
[debug] [2022-11-28T17:43:02.103Z] >>> [apiv2][body] PATCH https://firebasehosting.googleapis.com/v1beta1/projects/-/sites/bookstore-65836/versions/b1800e9e3c099a36 {"status":"FINALIZED","config":{"rewrites":[{"glob":"**","path":"/index.html"}]}}
[debug] [2022-11-28T17:43:03.257Z] <<< [apiv2][status] PATCH https://firebasehosting.googleapis.com/v1beta1/projects/-/sites/bookstore-65836/versions/b1800e9e3c099a36 200
[debug] [2022-11-28T17:43:03.257Z] <<< [apiv2][body] PATCH https://firebasehosting.googleapis.com/v1beta1/projects/-/sites/bookstore-65836/versions/b1800e9e3c099a36 {"name":"projects/1014459345857/sites/bookstore-65836/versions/b1800e9e3c099a36","status":"FINALIZED","config":{"rewrites":[{"glob":"**","path":"/index.html"}]},"labels":{"deployment-tool":"cli-firebase"},"createTime":"2022-11-28T17:45:56.857163Z","createUser":{"email":"raianshahrearbd@gmail.com"},"finalizeTime":"2022-11-28T17:46:06.913418Z","finalizeUser":{"email":"raianshahrearbd@gmail.com"}}
[debug] [2022-11-28T17:43:03.257Z] [hosting] finalized version for bookstore-65836:[object Object]
[info] +  hosting[bookstore-65836]: version finalized 
[info] i  hosting[bookstore-65836]: releasing new version... 
[debug] [2022-11-28T17:43:03.261Z] >>> [apiv2][query] POST https://firebasehosting.googleapis.com/v1beta1/projects/-/sites/bookstore-65836/channels/live/releases versionName=projects%2F1014459345857%2Fsites%2Fbookstore-65836%2Fversions%2Fb1800e9e3c099a36
[debug] [2022-11-28T17:43:03.261Z] >>> [apiv2][body] POST https://firebasehosting.googleapis.com/v1beta1/projects/-/sites/bookstore-65836/channels/live/releases {}
[debug] [2022-11-28T17:43:04.241Z] <<< [apiv2][status] POST https://firebasehosting.googleapis.com/v1beta1/projects/-/sites/bookstore-65836/channels/live/releases 200
[debug] [2022-11-28T17:43:04.241Z] <<< [apiv2][body] POST https://firebasehosting.googleapis.com/v1beta1/projects/-/sites/bookstore-65836/channels/live/releases {"name":"projects/1014459345857/sites/bookstore-65836/channels/live/releases/1669657567187478","version":{"name":"projects/1014459345857/sites/bookstore-65836/versions/b1800e9e3c099a36","status":"FINALIZED","config":{"rewrites":[{"glob":"**","path":"/index.html"}]},"labels":{"deployment-tool":"cli-firebase"},"createTime":"2022-11-28T17:45:56.857163Z","createUser":{"email":"raianshahrearbd@gmail.com","imageUrl":"https://lh3.googleusercontent.com/a/ALm5wu0UKS0O2vfd2pgkXJIuFrOJXVtS0g7-5OZtXy-J"},"finalizeTime":"2022-11-28T17:46:06.913418Z","finalizeUser":{"email":"raianshahrearbd@gmail.com","imageUrl":"https://lh3.googleusercontent.com/a/ALm5wu0UKS0O2vfd2pgkXJIuFrOJXVtS0g7-5OZtXy-J"}},"type":"DEPLOY","releaseTime":"2022-11-28T17:46:07.187478514Z","releaseUser":{"email":"raianshahrearbd@gmail.com","imageUrl":"https://lh3.googleusercontent.com/a/ALm5wu0UKS0O2vfd2pgkXJIuFrOJXVtS0g7-5OZtXy-J"}}
[debug] [2022-11-28T17:43:04.242Z] [hosting] release: {"name":"projects/1014459345857/sites/bookstore-65836/channels/live/releases/1669657567187478","version":{"name":"projects/1014459345857/sites/bookstore-65836/versions/b1800e9e3c099a36","status":"FINALIZED","config":{"rewrites":[{"glob":"**","path":"/index.html"}]},"labels":{"deployment-tool":"cli-firebase"},"createTime":"2022-11-28T17:45:56.857163Z","createUser":{"email":"raianshahrearbd@gmail.com","imageUrl":"https://lh3.googleusercontent.com/a/ALm5wu0UKS0O2vfd2pgkXJIuFrOJXVtS0g7-5OZtXy-J"},"finalizeTime":"2022-11-28T17:46:06.913418Z","finalizeUser":{"email":"raianshahrearbd@gmail.com","imageUrl":"https://lh3.googleusercontent.com/a/ALm5wu0UKS0O2vfd2pgkXJIuFrOJXVtS0g7-5OZtXy-J"}},"type":"DEPLOY","releaseTime":"2022-11-28T17:46:07.187478514Z","releaseUser":{"email":"raianshahrearbd@gmail.com","imageUrl":"https://lh3.googleusercontent.com/a/ALm5wu0UKS0O2vfd2pgkXJIuFrOJXVtS0g7-5OZtXy-J"}}
[info] +  hosting[bookstore-65836]: release complete 
[info] 
[info] +  Deploy complete! 
[info] 
[info] Project Console: https://console.firebase.google.com/project/bookstore-65836/overview
[info] Hosting URL: https://bookstore-65836.web.app
[debug] [2022-11-28T17:43:09.744Z] Error: Timed out.
    at Timeout._onTimeout (C:\Users\Administrator\AppData\Roaming\npm\node_modules\firebase-tools\lib\utils.js:253:49)
    at listOnTimeout (node:internal/timers:559:17)
    at processTimers (node:internal/timers:502:7)
[error] 
[error] Error: An unexpected error has occurred.
